\BOOKMARK [1][-]{section.1}{Introduction}{}% 1
\BOOKMARK [1][-]{section.2}{Related Work}{}% 2
\BOOKMARK [2][-]{subsection.2.1}{Statistical approaches to compatibility}{section.2}% 3
\BOOKMARK [2][-]{subsection.2.2}{Embedding composition}{section.2}% 4
\BOOKMARK [1][-]{section.3}{Preprocessing}{}% 5
\BOOKMARK [2][-]{subsection.3.1}{Corpus}{section.3}% 6
\BOOKMARK [2][-]{subsection.3.2}{Embeddings}{section.3}% 7
\BOOKMARK [2][-]{subsection.3.3}{Negative sampling}{section.3}% 8
\BOOKMARK [2][-]{subsection.3.4}{Test data}{section.3}% 9
\BOOKMARK [1][-]{section.4}{Models}{}% 10
\BOOKMARK [2][-]{subsection.4.1}{Logistic Regression}{section.4}% 11
\BOOKMARK [2][-]{subsection.4.2}{Feed-Forward Neural Network}{section.4}% 12
\BOOKMARK [2][-]{subsection.4.3}{FullLex adaptation}{section.4}% 13
\BOOKMARK [2][-]{subsection.4.4}{Transformation selection}{section.4}% 14
\BOOKMARK [1][-]{section.5}{Results}{}% 15
\BOOKMARK [1][-]{section.6}{Evaluation}{}% 16
\BOOKMARK [2][-]{subsection.6.1}{Data}{section.6}% 17
\BOOKMARK [2][-]{subsection.6.2}{Models}{section.6}% 18
\BOOKMARK [2][-]{subsection.6.3}{Results}{section.6}% 19
\BOOKMARK [1][-]{section.7}{Conclusion}{}% 20
\BOOKMARK [2][-]{subsection.7.1}{Future Work}{section.7}% 21
\BOOKMARK [1][-]{section*.3}{References}{}% 22
\BOOKMARK [1][-]{section*.5}{Appendices}{}% 23
\BOOKMARK [1][-]{appendix.A}{Data}{}% 24
\BOOKMARK [1][-]{appendix.B}{Code}{}% 25
